2023.10.15 14:02:32 INFO  Started: Metals version 1.0.1 in folders 'E:\Coding\Projects\StudentRegister\StudentRegisterClient' for client Visual Studio Code 1.75.1.
Oct 15, 2023 2:02:33 PM org.flywaydb.core.internal.license.VersionPrinter printVersionOnly
INFO: Flyway Community Edition 9.21.2 by Redgate
Oct 15, 2023 2:02:33 PM org.flywaydb.core.internal.license.VersionPrinter printVersion
INFO: See release notes here: https://rd.gt/416ObMi
Oct 15, 2023 2:02:33 PM org.flywaydb.core.internal.license.VersionPrinter printVersion
INFO: 
Oct 15, 2023 2:02:34 PM org.flywaydb.core.FlywayExecutor execute
INFO: Database: jdbc:h2:file:E:\Coding\Projects\StudentRegister\StudentRegisterClient\.metals\metals (H2 2.1)
Oct 15, 2023 2:02:34 PM org.flywaydb.core.internal.schemahistory.JdbcTableSchemaHistory allAppliedMigrations
INFO: Schema history table "PUBLIC"."flyway_schema_history" does not exist yet
Oct 15, 2023 2:02:34 PM org.flywaydb.core.internal.command.DbValidate validate
INFO: Successfully validated 4 migrations (execution time 00:00.084s)
Oct 15, 2023 2:02:34 PM org.flywaydb.core.internal.schemahistory.JdbcTableSchemaHistory create
INFO: Creating Schema History table "PUBLIC"."flyway_schema_history" ...
Oct 15, 2023 2:02:34 PM org.flywaydb.core.internal.command.DbMigrate migrateGroup
INFO: Current version of schema "PUBLIC": << Empty Schema >>
Oct 15, 2023 2:02:34 PM org.flywaydb.core.internal.command.DbMigrate doMigrateGroup
INFO: Migrating schema "PUBLIC" to version "1 - Create tables"
Oct 15, 2023 2:02:34 PM org.flywaydb.core.internal.command.DbMigrate doMigrateGroup
INFO: Migrating schema "PUBLIC" to version "2 - Server discovery"
Oct 15, 2023 2:02:34 PM org.flywaydb.core.internal.command.DbMigrate doMigrateGroup
INFO: Migrating schema "PUBLIC" to version "3 - Jar symbols"
Oct 15, 2023 2:02:34 PM org.flywaydb.core.internal.command.DbMigrate doMigrateGroup
INFO: Migrating schema "PUBLIC" to version "4 - Fingerprints"
Oct 15, 2023 2:02:34 PM org.flywaydb.core.internal.command.DbMigrate logSummary
INFO: Successfully applied 4 migrations to schema "PUBLIC", now at version v4 (execution time 00:00.057s)
2023.10.15 14:02:35 INFO  time: initialize in 2.55s
2023.10.15 14:03:17 WARN  Build server is not auto-connectable.
2023.10.15 14:03:17 WARN  no build tool detected in workspace 'E:\Coding\Projects\StudentRegister\StudentRegisterClient'. The most common cause for this problem is that the editor was opened in the wrong working directory, for example if you use sbt then the workspace directory should contain build.sbt. 
2023.10.15 14:16:31 WARN  no build target for: E:\Coding\Projects\StudentRegister\StudentRegisterServer\src\main\java\com\heshanthenura\studentregisterserver\MainController.java
2023.10.15 14:16:52 INFO  no build target found for E:\Coding\Projects\StudentRegister\StudentRegisterServer\src\main\java\com\heshanthenura\studentregisterserver\MainController.java. Using presentation compiler with project's scala-library version: 3.3.0
Oct 15, 2023 2:16:55 PM org.eclipse.lsp4j.jsonrpc.RemoteEndpoint handleCancellation
WARNING: Unmatched cancel notification for request id 1
Oct 15, 2023 2:17:04 PM scala.meta.internal.pc.CompilerAccess handleError
SEVERE: A severe compiler error occurred, full details of the error can be found in the error report E:\Coding\Projects\StudentRegister\StudentRegisterClient\.metals\.reports\metals-full\2023-10-15\r_compiler-error_14-17-04-164
Oct 15, 2023 2:17:07 PM scala.meta.internal.pc.CompilerAccess handleError
SEVERE: A severe compiler error occurred, full details of the error can be found in the error report E:\Coding\Projects\StudentRegister\StudentRegisterClient\.metals\.reports\metals-full\2023-10-15\r_compiler-error_14-17-07-056
Oct 15, 2023 2:17:07 PM scala.meta.internal.pc.CompilerAccess handleError
SEVERE: A severe compiler error occurred, full details of the error can be found in the error report E:\Coding\Projects\StudentRegister\StudentRegisterClient\.metals\.reports\metals-full\2023-10-15\r_compiler-error_14-17-07-689
Oct 15, 2023 2:17:13 PM scala.meta.internal.pc.CompilerAccess handleError
SEVERE: A severe compiler error occurred, full details of the error can be found in the error report E:\Coding\Projects\StudentRegister\StudentRegisterClient\.metals\.reports\metals-full\2023-10-15\r_compiler-error_14-17-13-788
Oct 15, 2023 2:17:19 PM scala.meta.internal.pc.CompilerAccess handleError
SEVERE: A severe compiler error occurred, full details of the error can be found in the error report E:\Coding\Projects\StudentRegister\StudentRegisterClient\.metals\.reports\metals-full\2023-10-15\r_compiler-error_14-17-19-130
Oct 15, 2023 2:17:21 PM scala.meta.internal.pc.CompilerAccess handleError
SEVERE: A severe compiler error occurred, full details of the error can be found in the error report E:\Coding\Projects\StudentRegister\StudentRegisterClient\.metals\.reports\metals-full\2023-10-15\r_compiler-error_14-17-21-985
Oct 15, 2023 2:17:23 PM scala.meta.internal.pc.CompilerAccess handleError
SEVERE: A severe compiler error occurred, full details of the error can be found in the error report E:\Coding\Projects\StudentRegister\StudentRegisterClient\.metals\.reports\metals-full\2023-10-15\r_compiler-error_14-17-23-642
Oct 15, 2023 2:17:28 PM scala.meta.internal.pc.CompilerAccess handleError
SEVERE: A severe compiler error occurred, full details of the error can be found in the error report E:\Coding\Projects\StudentRegister\StudentRegisterClient\.metals\.reports\metals-full\2023-10-15\r_compiler-error_14-17-28-819
2023.10.15 14:17:51 WARN  no build target for: E:\Coding\Projects\StudentRegister\StudentRegisterServer\src\main\java\com\heshanthenura\studentregisterserver\Database\Services\DBServices.java
Oct 15, 2023 2:17:52 PM scala.meta.internal.pc.CompilerAccess handleError
SEVERE: A severe compiler error occurred, full details of the error can be found in the error report E:\Coding\Projects\StudentRegister\StudentRegisterClient\.metals\.reports\metals-full\2023-10-15\r_compiler-error_14-17-52-242
Oct 15, 2023 2:17:52 PM scala.meta.internal.pc.CompilerAccess handleError
SEVERE: A severe compiler error occurred, full details of the error can be found in the error report E:\Coding\Projects\StudentRegister\StudentRegisterClient\.metals\.reports\metals-full\2023-10-15\r_compiler-error_14-17-52-731
Oct 15, 2023 2:17:54 PM scala.meta.internal.pc.CompilerAccess handleError
SEVERE: A severe compiler error occurred, full details of the error can be found in the error report E:\Coding\Projects\StudentRegister\StudentRegisterClient\.metals\.reports\metals-full\2023-10-15\r_compiler-error_14-17-54-820
Oct 15, 2023 2:18:00 PM scala.meta.internal.pc.CompilerAccess handleError
SEVERE: A severe compiler error occurred, full details of the error can be found in the error report E:\Coding\Projects\StudentRegister\StudentRegisterClient\.metals\.reports\metals-full\2023-10-15\r_compiler-error_14-18-00-731
Oct 15, 2023 2:18:12 PM scala.meta.internal.pc.CompilerAccess handleError
SEVERE: A severe compiler error occurred, full details of the error can be found in the error report E:\Coding\Projects\StudentRegister\StudentRegisterClient\.metals\.reports\metals-full\2023-10-15\r_compiler-error_14-18-12-230
2023.10.15 14:18:12 WARN  no build target for: E:\Coding\Projects\StudentRegister\StudentRegisterServer\src\main\java\com\heshanthenura\studentregisterserver\MainController.java
Oct 15, 2023 2:18:13 PM scala.meta.internal.pc.CompilerAccess handleError
SEVERE: A severe compiler error occurred, full details of the error can be found in the error report E:\Coding\Projects\StudentRegister\StudentRegisterClient\.metals\.reports\metals-full\2023-10-15\r_compiler-error_14-18-13-309
Oct 15, 2023 2:18:13 PM scala.meta.internal.pc.CompilerAccess handleError
SEVERE: A severe compiler error occurred, full details of the error can be found in the error report E:\Coding\Projects\StudentRegister\StudentRegisterClient\.metals\.reports\metals-full\2023-10-15\r_compiler-error_14-18-13-802
Oct 15, 2023 2:18:22 PM scala.meta.internal.pc.CompilerAccess handleError
SEVERE: A severe compiler error occurred, full details of the error can be found in the error report E:\Coding\Projects\StudentRegister\StudentRegisterClient\.metals\.reports\metals-full\2023-10-15\r_compiler-error_14-18-22-116
2023.10.15 14:36:41 WARN  no build target for: E:\Coding\Projects\StudentRegister\StudentRegisterServer\src\main\java\com\heshanthenura\studentregisterserver\Database\Services\DBServices.java
Oct 15, 2023 2:36:45 PM scala.meta.internal.pc.CompilerAccess handleError
SEVERE: A severe compiler error occurred, full details of the error can be found in the error report E:\Coding\Projects\StudentRegister\StudentRegisterClient\.metals\.reports\metals-full\2023-10-15\r_compiler-error_14-36-45-845
Oct 15, 2023 2:36:48 PM scala.meta.internal.pc.CompilerAccess handleError
SEVERE: A severe compiler error occurred, full details of the error can be found in the error report E:\Coding\Projects\StudentRegister\StudentRegisterClient\.metals\.reports\metals-full\2023-10-15\r_compiler-error_14-36-48-113
2023.10.15 14:36:52 WARN  no build target for: E:\Coding\Projects\StudentRegister\StudentRegisterServer\src\main\java\com\heshanthenura\studentregisterserver\MainController.java
Oct 15, 2023 2:36:53 PM scala.meta.internal.pc.CompilerAccess handleError
SEVERE: A severe compiler error occurred, full details of the error can be found in the error report E:\Coding\Projects\StudentRegister\StudentRegisterClient\.metals\.reports\metals-full\2023-10-15\r_compiler-error_14-36-53-535
Oct 15, 2023 2:36:54 PM scala.meta.internal.pc.CompilerAccess handleError
SEVERE: A severe compiler error occurred, full details of the error can be found in the error report E:\Coding\Projects\StudentRegister\StudentRegisterClient\.metals\.reports\metals-full\2023-10-15\r_compiler-error_14-36-54-087
Oct 15, 2023 2:36:58 PM scala.meta.internal.pc.CompilerAccess handleError
SEVERE: A severe compiler error occurred, full details of the error can be found in the error report E:\Coding\Projects\StudentRegister\StudentRegisterClient\.metals\.reports\metals-full\2023-10-15\r_compiler-error_14-36-58-742
Oct 15, 2023 2:39:35 PM scala.meta.internal.pc.CompilerAccess handleError
SEVERE: A severe compiler error occurred, full details of the error can be found in the error report E:\Coding\Projects\StudentRegister\StudentRegisterClient\.metals\.reports\metals-full\2023-10-15\r_compiler-error_14-39-35-922
Oct 15, 2023 2:39:41 PM scala.meta.internal.pc.CompilerAccess handleError
SEVERE: A severe compiler error occurred, full details of the error can be found in the error report E:\Coding\Projects\StudentRegister\StudentRegisterClient\.metals\.reports\metals-full\2023-10-15\r_compiler-error_14-39-41-045
Oct 15, 2023 2:42:33 PM scala.meta.internal.pc.CompilerAccess handleError
SEVERE: A severe compiler error occurred, full details of the error can be found in the error report E:\Coding\Projects\StudentRegister\StudentRegisterClient\.metals\.reports\metals-full\2023-10-15\r_compiler-error_14-42-33-501
Oct 15, 2023 2:42:36 PM scala.meta.internal.pc.CompilerAccess handleError
SEVERE: A severe compiler error occurred, full details of the error can be found in the error report E:\Coding\Projects\StudentRegister\StudentRegisterClient\.metals\.reports\metals-full\2023-10-15\r_compiler-error_14-42-35-994
Oct 15, 2023 2:42:40 PM scala.meta.internal.pc.CompilerAccess handleError
SEVERE: A severe compiler error occurred, full details of the error can be found in the error report E:\Coding\Projects\StudentRegister\StudentRegisterClient\.metals\.reports\metals-full\2023-10-15\r_compiler-error_14-42-40-169
2023.10.15 14:42:40 WARN  no build target for: E:\Coding\Projects\StudentRegister\StudentRegisterServer\src\main\java\com\heshanthenura\studentregisterserver\Database\Services\DBServices.java
Oct 15, 2023 2:42:40 PM scala.meta.internal.pc.CompilerAccess handleError
SEVERE: A severe compiler error occurred, full details of the error can be found in the error report E:\Coding\Projects\StudentRegister\StudentRegisterClient\.metals\.reports\metals-full\2023-10-15\r_compiler-error_14-42-40-563
2023.10.15 14:42:43 INFO  time: code lens generation in 5.5s
Oct 15, 2023 2:42:44 PM scala.meta.internal.pc.CompilerAccess handleError
SEVERE: A severe compiler error occurred, full details of the error can be found in the error report E:\Coding\Projects\StudentRegister\StudentRegisterClient\.metals\.reports\metals-full\2023-10-15\r_compiler-error_14-42-44-510
Oct 15, 2023 2:44:45 PM scala.meta.internal.pc.CompilerAccess handleError
SEVERE: A severe compiler error occurred, full details of the error can be found in the error report E:\Coding\Projects\StudentRegister\StudentRegisterClient\.metals\.reports\metals-full\2023-10-15\r_compiler-error_14-44-45-029
Oct 15, 2023 2:44:51 PM scala.meta.internal.pc.CompilerAccess handleError
SEVERE: A severe compiler error occurred, full details of the error can be found in the error report E:\Coding\Projects\StudentRegister\StudentRegisterClient\.metals\.reports\metals-full\2023-10-15\r_compiler-error_14-44-51-473
Oct 15, 2023 2:44:52 PM scala.meta.internal.pc.CompilerAccess handleError
SEVERE: A severe compiler error occurred, full details of the error can be found in the error report E:\Coding\Projects\StudentRegister\StudentRegisterClient\.metals\.reports\metals-full\2023-10-15\r_compiler-error_14-44-52-324
Oct 15, 2023 2:44:52 PM scala.meta.internal.pc.CompilerAccess handleError
SEVERE: A severe compiler error occurred, full details of the error can be found in the error report E:\Coding\Projects\StudentRegister\StudentRegisterClient\.metals\.reports\metals-full\2023-10-15\r_compiler-error_14-44-52-922
Oct 15, 2023 2:45:09 PM scala.meta.internal.pc.CompilerAccess handleError
SEVERE: A severe compiler error occurred, full details of the error can be found in the error report E:\Coding\Projects\StudentRegister\StudentRegisterClient\.metals\.reports\metals-full\2023-10-15\r_compiler-error_14-45-09-277
Oct 15, 2023 2:45:15 PM scala.meta.internal.pc.CompilerAccess handleError
SEVERE: A severe compiler error occurred, full details of the error can be found in the error report E:\Coding\Projects\StudentRegister\StudentRegisterClient\.metals\.reports\metals-full\2023-10-15\r_compiler-error_14-45-15-146
Oct 15, 2023 2:45:15 PM scala.meta.internal.pc.CompilerAccess handleError
SEVERE: A severe compiler error occurred, full details of the error can be found in the error report E:\Coding\Projects\StudentRegister\StudentRegisterClient\.metals\.reports\metals-full\2023-10-15\r_compiler-error_14-45-15-674
Oct 15, 2023 2:45:17 PM org.eclipse.lsp4j.jsonrpc.RemoteEndpoint handleCancellation
WARNING: Unmatched cancel notification for request id 140
Oct 15, 2023 2:45:18 PM scala.meta.internal.pc.CompilerAccess handleError
SEVERE: A severe compiler error occurred, full details of the error can be found in the error report E:\Coding\Projects\StudentRegister\StudentRegisterClient\.metals\.reports\metals-full\2023-10-15\r_compiler-error_14-45-18-048
Oct 15, 2023 2:45:18 PM org.eclipse.lsp4j.jsonrpc.RemoteEndpoint handleCancellation
WARNING: Unmatched cancel notification for request id 144
Oct 15, 2023 2:45:18 PM scala.meta.internal.pc.CompilerAccess handleError
SEVERE: A severe compiler error occurred, full details of the error can be found in the error report E:\Coding\Projects\StudentRegister\StudentRegisterClient\.metals\.reports\metals-full\2023-10-15\r_compiler-error_14-45-18-891
Oct 15, 2023 2:45:19 PM scala.meta.internal.pc.CompilerAccess handleError
SEVERE: A severe compiler error occurred, full details of the error can be found in the error report E:\Coding\Projects\StudentRegister\StudentRegisterClient\.metals\.reports\metals-full\2023-10-15\r_compiler-error_14-45-19-534
2023.10.15 14:45:21 WARN  no build target for: E:\Coding\Projects\StudentRegister\StudentRegisterServer\src\main\java\com\heshanthenura\studentregisterserver\Database\Services\DBServices.java
Oct 15, 2023 2:45:21 PM scala.meta.internal.pc.CompilerAccess handleError
SEVERE: A severe compiler error occurred, full details of the error can be found in the error report E:\Coding\Projects\StudentRegister\StudentRegisterClient\.metals\.reports\metals-full\2023-10-15\r_compiler-error_14-45-21-307
Oct 15, 2023 2:45:21 PM scala.meta.internal.pc.CompilerAccess handleError
SEVERE: A severe compiler error occurred, full details of the error can be found in the error report E:\Coding\Projects\StudentRegister\StudentRegisterClient\.metals\.reports\metals-full\2023-10-15\r_compiler-error_14-45-21-821
Oct 15, 2023 3:03:35 PM scala.meta.internal.pc.CompilerAccess handleError
SEVERE: A severe compiler error occurred, full details of the error can be found in the error report E:\Coding\Projects\StudentRegister\StudentRegisterClient\.metals\.reports\metals-full\2023-10-15\r_compiler-error_15-03-35-585
Oct 15, 2023 3:03:37 PM scala.meta.internal.pc.CompilerAccess handleError
SEVERE: A severe compiler error occurred, full details of the error can be found in the error report E:\Coding\Projects\StudentRegister\StudentRegisterClient\.metals\.reports\metals-full\2023-10-15\r_compiler-error_15-03-37-260
Oct 15, 2023 3:03:41 PM scala.meta.internal.pc.CompilerAccess handleError
SEVERE: A severe compiler error occurred, full details of the error can be found in the error report E:\Coding\Projects\StudentRegister\StudentRegisterClient\.metals\.reports\metals-full\2023-10-15\r_compiler-error_15-03-41-591
2023.10.15 15:03:42 WARN  no build target for: E:\Coding\Projects\StudentRegister\StudentRegisterServer\src\main\java\com\heshanthenura\studentregisterserver\Database\Services\DBServices.java
Oct 15, 2023 3:03:46 PM scala.meta.internal.pc.CompilerAccess handleError
SEVERE: A severe compiler error occurred, full details of the error can be found in the error report E:\Coding\Projects\StudentRegister\StudentRegisterClient\.metals\.reports\metals-full\2023-10-15\r_compiler-error_15-03-46-611
Oct 15, 2023 3:03:46 PM scala.meta.internal.pc.CompilerAccess handleError
SEVERE: A severe compiler error occurred, full details of the error can be found in the error report E:\Coding\Projects\StudentRegister\StudentRegisterClient\.metals\.reports\metals-full\2023-10-15\r_compiler-error_15-03-46-949
2023.10.15 15:05:26 WARN  no build target for: E:\Coding\Projects\StudentRegister\StudentRegisterServer\src\main\java\com\heshanthenura\studentregisterserver\Database\Services\DBServices.java
2023.10.15 15:05:26 WARN  no build target for: E:\Coding\Projects\StudentRegister\StudentRegisterServer\src\main\java\com\heshanthenura\studentregisterserver\Database\Services\DBServices.java
Oct 15, 2023 3:05:27 PM scala.meta.internal.pc.CompilerAccess handleError
SEVERE: A severe compiler error occurred, full details of the error can be found in the error report E:\Coding\Projects\StudentRegister\StudentRegisterClient\.metals\.reports\metals-full\2023-10-15\r_compiler-error_15-05-27-218
Oct 15, 2023 3:05:27 PM scala.meta.internal.pc.CompilerAccess handleError
SEVERE: A severe compiler error occurred, full details of the error can be found in the error report E:\Coding\Projects\StudentRegister\StudentRegisterClient\.metals\.reports\metals-full\2023-10-15\r_compiler-error_15-05-27-470
Oct 15, 2023 3:06:22 PM scala.meta.internal.pc.CompilerAccess handleError
SEVERE: A severe compiler error occurred, full details of the error can be found in the error report E:\Coding\Projects\StudentRegister\StudentRegisterClient\.metals\.reports\metals-full\2023-10-15\r_compiler-error_15-06-22-529
Oct 15, 2023 3:06:23 PM scala.meta.internal.pc.CompilerAccess handleError
SEVERE: A severe compiler error occurred, full details of the error can be found in the error report E:\Coding\Projects\StudentRegister\StudentRegisterClient\.metals\.reports\metals-full\2023-10-15\r_compiler-error_15-06-23-992
Oct 15, 2023 3:06:29 PM scala.meta.internal.pc.CompilerAccess handleError
SEVERE: A severe compiler error occurred, full details of the error can be found in the error report E:\Coding\Projects\StudentRegister\StudentRegisterClient\.metals\.reports\metals-full\2023-10-15\r_compiler-error_15-06-29-455
Oct 15, 2023 3:06:30 PM scala.meta.internal.pc.CompilerAccess handleError
SEVERE: A severe compiler error occurred, full details of the error can be found in the error report E:\Coding\Projects\StudentRegister\StudentRegisterClient\.metals\.reports\metals-full\2023-10-15\r_compiler-error_15-06-30-765
Oct 15, 2023 3:06:32 PM scala.meta.internal.pc.CompilerAccess handleError
SEVERE: A severe compiler error occurred, full details of the error can be found in the error report E:\Coding\Projects\StudentRegister\StudentRegisterClient\.metals\.reports\metals-full\2023-10-15\r_compiler-error_15-06-31-998
2023.10.15 15:06:32 WARN  no build target for: E:\Coding\Projects\StudentRegister\StudentRegisterServer\src\main\java\com\heshanthenura\studentregisterserver\Database\Services\DBServices.java
Oct 15, 2023 3:06:32 PM scala.meta.internal.pc.CompilerAccess handleError
SEVERE: A severe compiler error occurred, full details of the error can be found in the error report E:\Coding\Projects\StudentRegister\StudentRegisterClient\.metals\.reports\metals-full\2023-10-15\r_compiler-error_15-06-32-513
Oct 15, 2023 3:06:33 PM org.eclipse.lsp4j.jsonrpc.RemoteEndpoint handleCancellation
WARNING: Unmatched cancel notification for request id 259
Oct 15, 2023 3:06:33 PM scala.meta.internal.pc.CompilerAccess handleError
SEVERE: A severe compiler error occurred, full details of the error can be found in the error report E:\Coding\Projects\StudentRegister\StudentRegisterClient\.metals\.reports\metals-full\2023-10-15\r_compiler-error_15-06-33-618
Oct 15, 2023 3:06:33 PM scala.meta.internal.pc.CompilerAccess handleError
SEVERE: A severe compiler error occurred, full details of the error can be found in the error report E:\Coding\Projects\StudentRegister\StudentRegisterClient\.metals\.reports\metals-full\2023-10-15\r_compiler-error_15-06-33-820
Oct 15, 2023 3:06:34 PM scala.meta.internal.pc.CompilerAccess handleError
SEVERE: A severe compiler error occurred, full details of the error can be found in the error report E:\Coding\Projects\StudentRegister\StudentRegisterClient\.metals\.reports\metals-full\2023-10-15\r_compiler-error_15-06-34-665
2023.10.15 15:06:35 WARN  no build target for: E:\Coding\Projects\StudentRegister\StudentRegisterServer\src\main\java\com\heshanthenura\studentregisterserver\Database\Services\DBServices.java
Oct 15, 2023 3:06:35 PM scala.meta.internal.pc.CompilerAccess handleError
SEVERE: A severe compiler error occurred, full details of the error can be found in the error report E:\Coding\Projects\StudentRegister\StudentRegisterClient\.metals\.reports\metals-full\2023-10-15\r_compiler-error_15-06-35-955
Oct 15, 2023 3:06:36 PM scala.meta.internal.pc.CompilerAccess handleError
SEVERE: A severe compiler error occurred, full details of the error can be found in the error report E:\Coding\Projects\StudentRegister\StudentRegisterClient\.metals\.reports\metals-full\2023-10-15\r_compiler-error_15-06-36-227
Oct 15, 2023 3:06:42 PM scala.meta.internal.pc.CompilerAccess handleError
SEVERE: A severe compiler error occurred, full details of the error can be found in the error report E:\Coding\Projects\StudentRegister\StudentRegisterClient\.metals\.reports\metals-full\2023-10-15\r_compiler-error_15-06-42-150
Oct 15, 2023 3:06:42 PM scala.meta.internal.pc.CompilerAccess handleError
SEVERE: A severe compiler error occurred, full details of the error can be found in the error report E:\Coding\Projects\StudentRegister\StudentRegisterClient\.metals\.reports\metals-full\2023-10-15\r_compiler-error_15-06-42-270
Oct 15, 2023 3:07:29 PM scala.meta.internal.pc.CompilerAccess handleError
SEVERE: A severe compiler error occurred, full details of the error can be found in the error report E:\Coding\Projects\StudentRegister\StudentRegisterClient\.metals\.reports\metals-full\2023-10-15\r_compiler-error_15-07-29-603
Oct 15, 2023 3:07:30 PM scala.meta.internal.pc.CompilerAccess handleError
SEVERE: A severe compiler error occurred, full details of the error can be found in the error report E:\Coding\Projects\StudentRegister\StudentRegisterClient\.metals\.reports\metals-full\2023-10-15\r_compiler-error_15-07-30-602
Oct 15, 2023 3:07:39 PM scala.meta.internal.pc.CompilerAccess handleError
SEVERE: A severe compiler error occurred, full details of the error can be found in the error report E:\Coding\Projects\StudentRegister\StudentRegisterClient\.metals\.reports\metals-full\2023-10-15\r_compiler-error_15-07-39-741
Oct 15, 2023 3:07:41 PM scala.meta.internal.pc.CompilerAccess handleError
SEVERE: A severe compiler error occurred, full details of the error can be found in the error report E:\Coding\Projects\StudentRegister\StudentRegisterClient\.metals\.reports\metals-full\2023-10-15\r_compiler-error_15-07-41-128
Oct 15, 2023 3:07:42 PM scala.meta.internal.pc.CompilerAccess handleError
SEVERE: A severe compiler error occurred, full details of the error can be found in the error report E:\Coding\Projects\StudentRegister\StudentRegisterClient\.metals\.reports\metals-full\2023-10-15\r_compiler-error_15-07-42-937
Oct 15, 2023 3:07:43 PM scala.meta.internal.pc.CompilerAccess handleError
SEVERE: A severe compiler error occurred, full details of the error can be found in the error report E:\Coding\Projects\StudentRegister\StudentRegisterClient\.metals\.reports\metals-full\2023-10-15\r_compiler-error_15-07-43-845
Oct 15, 2023 3:07:44 PM scala.meta.internal.pc.CompilerAccess handleError
SEVERE: A severe compiler error occurred, full details of the error can be found in the error report E:\Coding\Projects\StudentRegister\StudentRegisterClient\.metals\.reports\metals-full\2023-10-15\r_compiler-error_15-07-44-855
Oct 15, 2023 3:07:45 PM scala.meta.internal.pc.CompilerAccess handleError
SEVERE: A severe compiler error occurred, full details of the error can be found in the error report E:\Coding\Projects\StudentRegister\StudentRegisterClient\.metals\.reports\metals-full\2023-10-15\r_compiler-error_15-07-45-100
Oct 15, 2023 3:07:45 PM scala.meta.internal.pc.CompilerAccess handleError
SEVERE: A severe compiler error occurred, full details of the error can be found in the error report E:\Coding\Projects\StudentRegister\StudentRegisterClient\.metals\.reports\metals-full\2023-10-15\r_compiler-error_15-07-45-970
2023.10.15 15:07:47 WARN  no build target for: E:\Coding\Projects\StudentRegister\StudentRegisterServer\src\main\java\com\heshanthenura\studentregisterserver\Database\Services\DBServices.java
Oct 15, 2023 3:07:47 PM scala.meta.internal.pc.CompilerAccess handleError
SEVERE: A severe compiler error occurred, full details of the error can be found in the error report E:\Coding\Projects\StudentRegister\StudentRegisterClient\.metals\.reports\metals-full\2023-10-15\r_compiler-error_15-07-47-541
Oct 15, 2023 3:07:48 PM scala.meta.internal.pc.CompilerAccess handleError
SEVERE: A severe compiler error occurred, full details of the error can be found in the error report E:\Coding\Projects\StudentRegister\StudentRegisterClient\.metals\.reports\metals-full\2023-10-15\r_compiler-error_15-07-47-998
Oct 15, 2023 3:07:48 PM scala.meta.internal.pc.CompilerAccess handleError
SEVERE: A severe compiler error occurred, full details of the error can be found in the error report E:\Coding\Projects\StudentRegister\StudentRegisterClient\.metals\.reports\metals-full\2023-10-15\r_compiler-error_15-07-48-409
Oct 15, 2023 3:07:51 PM scala.meta.internal.pc.CompilerAccess handleError
SEVERE: A severe compiler error occurred, full details of the error can be found in the error report E:\Coding\Projects\StudentRegister\StudentRegisterClient\.metals\.reports\metals-full\2023-10-15\r_compiler-error_15-07-51-341
Oct 15, 2023 3:07:57 PM scala.meta.internal.pc.CompilerAccess handleError
SEVERE: A severe compiler error occurred, full details of the error can be found in the error report E:\Coding\Projects\StudentRegister\StudentRegisterClient\.metals\.reports\metals-full\2023-10-15\r_compiler-error_15-07-57-036
Oct 15, 2023 3:07:58 PM scala.meta.internal.pc.CompilerAccess handleError
SEVERE: A severe compiler error occurred, full details of the error can be found in the error report E:\Coding\Projects\StudentRegister\StudentRegisterClient\.metals\.reports\metals-full\2023-10-15\r_compiler-error_15-07-58-075
Oct 15, 2023 3:08:01 PM scala.meta.internal.pc.CompilerAccess handleError
SEVERE: A severe compiler error occurred, full details of the error can be found in the error report E:\Coding\Projects\StudentRegister\StudentRegisterClient\.metals\.reports\metals-full\2023-10-15\r_compiler-error_15-08-01-076
Oct 15, 2023 3:08:02 PM org.eclipse.lsp4j.jsonrpc.RemoteEndpoint handleCancellation
WARNING: Unmatched cancel notification for request id 340
Oct 15, 2023 3:08:02 PM scala.meta.internal.pc.CompilerAccess handleError
SEVERE: A severe compiler error occurred, full details of the error can be found in the error report E:\Coding\Projects\StudentRegister\StudentRegisterClient\.metals\.reports\metals-full\2023-10-15\r_compiler-error_15-08-02-319
Oct 15, 2023 3:08:03 PM scala.meta.internal.pc.CompilerAccess handleError
SEVERE: A severe compiler error occurred, full details of the error can be found in the error report E:\Coding\Projects\StudentRegister\StudentRegisterClient\.metals\.reports\metals-full\2023-10-15\r_compiler-error_15-08-03-132
Oct 15, 2023 3:08:08 PM scala.meta.internal.pc.CompilerAccess handleError
SEVERE: A severe compiler error occurred, full details of the error can be found in the error report E:\Coding\Projects\StudentRegister\StudentRegisterClient\.metals\.reports\metals-full\2023-10-15\r_compiler-error_15-08-08-649
Oct 15, 2023 3:08:09 PM scala.meta.internal.pc.CompilerAccess handleError
SEVERE: A severe compiler error occurred, full details of the error can be found in the error report E:\Coding\Projects\StudentRegister\StudentRegisterClient\.metals\.reports\metals-full\2023-10-15\r_compiler-error_15-08-09-592
Oct 15, 2023 3:08:09 PM scala.meta.internal.pc.CompilerAccess handleError
SEVERE: A severe compiler error occurred, full details of the error can be found in the error report E:\Coding\Projects\StudentRegister\StudentRegisterClient\.metals\.reports\metals-full\2023-10-15\r_compiler-error_15-08-09-738
Oct 15, 2023 3:08:12 PM scala.meta.internal.pc.CompilerAccess handleError
SEVERE: A severe compiler error occurred, full details of the error can be found in the error report E:\Coding\Projects\StudentRegister\StudentRegisterClient\.metals\.reports\metals-full\2023-10-15\r_compiler-error_15-08-11-982
Oct 15, 2023 3:08:13 PM scala.meta.internal.pc.CompilerAccess handleError
SEVERE: A severe compiler error occurred, full details of the error can be found in the error report E:\Coding\Projects\StudentRegister\StudentRegisterClient\.metals\.reports\metals-full\2023-10-15\r_compiler-error_15-08-13-415
Oct 15, 2023 3:08:14 PM scala.meta.internal.pc.CompilerAccess handleError
SEVERE: A severe compiler error occurred, full details of the error can be found in the error report E:\Coding\Projects\StudentRegister\StudentRegisterClient\.metals\.reports\metals-full\2023-10-15\r_compiler-error_15-08-14-232
2023.10.15 15:08:14 WARN  no build target for: E:\Coding\Projects\StudentRegister\StudentRegisterServer\src\main\java\com\heshanthenura\studentregisterserver\Database\Services\DBServices.java
Oct 15, 2023 3:08:14 PM scala.meta.internal.pc.CompilerAccess handleError
SEVERE: A severe compiler error occurred, full details of the error can be found in the error report E:\Coding\Projects\StudentRegister\StudentRegisterClient\.metals\.reports\metals-full\2023-10-15\r_compiler-error_15-08-14-645
Oct 15, 2023 3:08:15 PM scala.meta.internal.pc.CompilerAccess handleError
SEVERE: A severe compiler error occurred, full details of the error can be found in the error report E:\Coding\Projects\StudentRegister\StudentRegisterClient\.metals\.reports\metals-full\2023-10-15\r_compiler-error_15-08-14-988
Oct 15, 2023 3:08:17 PM scala.meta.internal.pc.CompilerAccess handleError
SEVERE: A severe compiler error occurred, full details of the error can be found in the error report E:\Coding\Projects\StudentRegister\StudentRegisterClient\.metals\.reports\metals-full\2023-10-15\r_compiler-error_15-08-17-201
Oct 15, 2023 3:08:17 PM scala.meta.internal.pc.CompilerAccess handleError
SEVERE: A severe compiler error occurred, full details of the error can be found in the error report E:\Coding\Projects\StudentRegister\StudentRegisterClient\.metals\.reports\metals-full\2023-10-15\r_compiler-error_15-08-17-650
Oct 15, 2023 3:08:19 PM scala.meta.internal.pc.CompilerAccess handleError
SEVERE: A severe compiler error occurred, full details of the error can be found in the error report E:\Coding\Projects\StudentRegister\StudentRegisterClient\.metals\.reports\metals-full\2023-10-15\r_compiler-error_15-08-19-780
Oct 15, 2023 3:08:21 PM scala.meta.internal.pc.CompilerAccess handleError
SEVERE: A severe compiler error occurred, full details of the error can be found in the error report E:\Coding\Projects\StudentRegister\StudentRegisterClient\.metals\.reports\metals-full\2023-10-15\r_compiler-error_15-08-21-412
2023.10.15 15:08:23 WARN  no build target for: E:\Coding\Projects\StudentRegister\StudentRegisterServer\src\main\java\com\heshanthenura\studentregisterserver\Database\Services\DBServices.java
Oct 15, 2023 3:08:24 PM scala.meta.internal.pc.CompilerAccess handleError
SEVERE: A severe compiler error occurred, full details of the error can be found in the error report E:\Coding\Projects\StudentRegister\StudentRegisterClient\.metals\.reports\metals-full\2023-10-15\r_compiler-error_15-08-24-225
Oct 15, 2023 3:08:24 PM scala.meta.internal.pc.CompilerAccess handleError
SEVERE: A severe compiler error occurred, full details of the error can be found in the error report E:\Coding\Projects\StudentRegister\StudentRegisterClient\.metals\.reports\metals-full\2023-10-15\r_compiler-error_15-08-24-401
Oct 15, 2023 3:09:17 PM scala.meta.internal.pc.CompilerAccess handleError
SEVERE: A severe compiler error occurred, full details of the error can be found in the error report E:\Coding\Projects\StudentRegister\StudentRegisterClient\.metals\.reports\metals-full\2023-10-15\r_compiler-error_15-09-17-837
Oct 15, 2023 3:09:37 PM scala.meta.internal.pc.CompilerAccess handleError
SEVERE: A severe compiler error occurred, full details of the error can be found in the error report E:\Coding\Projects\StudentRegister\StudentRegisterClient\.metals\.reports\metals-full\2023-10-15\r_compiler-error_15-09-37-141
Oct 15, 2023 3:09:38 PM scala.meta.internal.pc.CompilerAccess handleError
SEVERE: A severe compiler error occurred, full details of the error can be found in the error report E:\Coding\Projects\StudentRegister\StudentRegisterClient\.metals\.reports\metals-full\2023-10-15\r_compiler-error_15-09-38-211
Oct 15, 2023 3:09:39 PM scala.meta.internal.pc.CompilerAccess handleError
SEVERE: A severe compiler error occurred, full details of the error can be found in the error report E:\Coding\Projects\StudentRegister\StudentRegisterClient\.metals\.reports\metals-full\2023-10-15\r_compiler-error_15-09-39-950
Oct 15, 2023 3:09:42 PM scala.meta.internal.pc.CompilerAccess handleError
SEVERE: A severe compiler error occurred, full details of the error can be found in the error report E:\Coding\Projects\StudentRegister\StudentRegisterClient\.metals\.reports\metals-full\2023-10-15\r_compiler-error_15-09-42-724
Oct 15, 2023 3:09:52 PM scala.meta.internal.pc.CompilerAccess handleError
SEVERE: A severe compiler error occurred, full details of the error can be found in the error report E:\Coding\Projects\StudentRegister\StudentRegisterClient\.metals\.reports\metals-full\2023-10-15\r_compiler-error_15-09-52-461
Oct 15, 2023 3:09:52 PM org.eclipse.lsp4j.jsonrpc.RemoteEndpoint handleCancellation
WARNING: Unmatched cancel notification for request id 432
Oct 15, 2023 3:09:52 PM scala.meta.internal.pc.CompilerAccess handleError
SEVERE: A severe compiler error occurred, full details of the error can be found in the error report E:\Coding\Projects\StudentRegister\StudentRegisterClient\.metals\.reports\metals-full\2023-10-15\r_compiler-error_15-09-52-819
Oct 15, 2023 3:09:53 PM scala.meta.internal.pc.CompilerAccess handleError
SEVERE: A severe compiler error occurred, full details of the error can be found in the error report E:\Coding\Projects\StudentRegister\StudentRegisterClient\.metals\.reports\metals-full\2023-10-15\r_compiler-error_15-09-53-656
Oct 15, 2023 3:09:56 PM scala.meta.internal.pc.CompilerAccess handleError
SEVERE: A severe compiler error occurred, full details of the error can be found in the error report E:\Coding\Projects\StudentRegister\StudentRegisterClient\.metals\.reports\metals-full\2023-10-15\r_compiler-error_15-09-56-274
Oct 15, 2023 3:09:57 PM scala.meta.internal.pc.CompilerAccess handleError
SEVERE: A severe compiler error occurred, full details of the error can be found in the error report E:\Coding\Projects\StudentRegister\StudentRegisterClient\.metals\.reports\metals-full\2023-10-15\r_compiler-error_15-09-57-733
Oct 15, 2023 3:10:03 PM scala.meta.internal.pc.CompilerAccess handleError
SEVERE: A severe compiler error occurred, full details of the error can be found in the error report E:\Coding\Projects\StudentRegister\StudentRegisterClient\.metals\.reports\metals-full\2023-10-15\r_compiler-error_15-10-03-751
Oct 15, 2023 3:10:05 PM scala.meta.internal.pc.CompilerAccess handleError
SEVERE: A severe compiler error occurred, full details of the error can be found in the error report E:\Coding\Projects\StudentRegister\StudentRegisterClient\.metals\.reports\metals-full\2023-10-15\r_compiler-error_15-10-05-047
Oct 15, 2023 3:10:06 PM scala.meta.internal.pc.CompilerAccess handleError
SEVERE: A severe compiler error occurred, full details of the error can be found in the error report E:\Coding\Projects\StudentRegister\StudentRegisterClient\.metals\.reports\metals-full\2023-10-15\r_compiler-error_15-10-06-433
Oct 15, 2023 3:10:06 PM scala.meta.internal.pc.CompilerAccess handleError
SEVERE: A severe compiler error occurred, full details of the error can be found in the error report E:\Coding\Projects\StudentRegister\StudentRegisterClient\.metals\.reports\metals-full\2023-10-15\r_compiler-error_15-10-06-702
Oct 15, 2023 3:10:07 PM scala.meta.internal.pc.CompilerAccess handleError
SEVERE: A severe compiler error occurred, full details of the error can be found in the error report E:\Coding\Projects\StudentRegister\StudentRegisterClient\.metals\.reports\metals-full\2023-10-15\r_compiler-error_15-10-07-428
Oct 15, 2023 3:10:08 PM scala.meta.internal.pc.CompilerAccess handleError
SEVERE: A severe compiler error occurred, full details of the error can be found in the error report E:\Coding\Projects\StudentRegister\StudentRegisterClient\.metals\.reports\metals-full\2023-10-15\r_compiler-error_15-10-08-119
Oct 15, 2023 3:10:09 PM scala.meta.internal.pc.CompilerAccess handleError
SEVERE: A severe compiler error occurred, full details of the error can be found in the error report E:\Coding\Projects\StudentRegister\StudentRegisterClient\.metals\.reports\metals-full\2023-10-15\r_compiler-error_15-10-09-012
Oct 15, 2023 3:10:10 PM scala.meta.internal.pc.CompilerAccess handleError
SEVERE: A severe compiler error occurred, full details of the error can be found in the error report E:\Coding\Projects\StudentRegister\StudentRegisterClient\.metals\.reports\metals-full\2023-10-15\r_compiler-error_15-10-10-557
Oct 15, 2023 3:10:11 PM scala.meta.internal.pc.CompilerAccess handleError
SEVERE: A severe compiler error occurred, full details of the error can be found in the error report E:\Coding\Projects\StudentRegister\StudentRegisterClient\.metals\.reports\metals-full\2023-10-15\r_compiler-error_15-10-11-964
Oct 15, 2023 3:10:13 PM scala.meta.internal.pc.CompilerAccess handleError
SEVERE: A severe compiler error occurred, full details of the error can be found in the error report E:\Coding\Projects\StudentRegister\StudentRegisterClient\.metals\.reports\metals-full\2023-10-15\r_compiler-error_15-10-13-395
Oct 15, 2023 3:10:14 PM scala.meta.internal.pc.CompilerAccess handleError
SEVERE: A severe compiler error occurred, full details of the error can be found in the error report E:\Coding\Projects\StudentRegister\StudentRegisterClient\.metals\.reports\metals-full\2023-10-15\r_compiler-error_15-10-14-834
Oct 15, 2023 3:10:15 PM scala.meta.internal.pc.CompilerAccess handleError
SEVERE: A severe compiler error occurred, full details of the error can be found in the error report E:\Coding\Projects\StudentRegister\StudentRegisterClient\.metals\.reports\metals-full\2023-10-15\r_compiler-error_15-10-15-202
Oct 15, 2023 3:10:15 PM scala.meta.internal.pc.CompilerAccess handleError
SEVERE: A severe compiler error occurred, full details of the error can be found in the error report E:\Coding\Projects\StudentRegister\StudentRegisterClient\.metals\.reports\metals-full\2023-10-15\r_compiler-error_15-10-15-767
2023.10.15 15:10:17 WARN  no build target for: E:\Coding\Projects\StudentRegister\StudentRegisterServer\src\main\java\com\heshanthenura\studentregisterserver\Database\Services\DBServices.java
Oct 15, 2023 3:10:17 PM scala.meta.internal.pc.CompilerAccess handleError
SEVERE: A severe compiler error occurred, full details of the error can be found in the error report E:\Coding\Projects\StudentRegister\StudentRegisterClient\.metals\.reports\metals-full\2023-10-15\r_compiler-error_15-10-17-559
Oct 15, 2023 3:10:18 PM scala.meta.internal.pc.CompilerAccess handleError
SEVERE: A severe compiler error occurred, full details of the error can be found in the error report E:\Coding\Projects\StudentRegister\StudentRegisterClient\.metals\.reports\metals-full\2023-10-15\r_compiler-error_15-10-17-913
Oct 15, 2023 3:10:18 PM scala.meta.internal.pc.CompilerAccess handleError
SEVERE: A severe compiler error occurred, full details of the error can be found in the error report E:\Coding\Projects\StudentRegister\StudentRegisterClient\.metals\.reports\metals-full\2023-10-15\r_compiler-error_15-10-18-223
Oct 15, 2023 3:10:20 PM scala.meta.internal.pc.CompilerAccess handleError
SEVERE: A severe compiler error occurred, full details of the error can be found in the error report E:\Coding\Projects\StudentRegister\StudentRegisterClient\.metals\.reports\metals-full\2023-10-15\r_compiler-error_15-10-20-234
Oct 15, 2023 3:10:21 PM scala.meta.internal.pc.CompilerAccess handleError
SEVERE: A severe compiler error occurred, full details of the error can be found in the error report E:\Coding\Projects\StudentRegister\StudentRegisterClient\.metals\.reports\metals-full\2023-10-15\r_compiler-error_15-10-21-140
Oct 15, 2023 3:10:21 PM scala.meta.internal.pc.CompilerAccess handleError
SEVERE: A severe compiler error occurred, full details of the error can be found in the error report E:\Coding\Projects\StudentRegister\StudentRegisterClient\.metals\.reports\metals-full\2023-10-15\r_compiler-error_15-10-21-659
Oct 15, 2023 3:10:23 PM scala.meta.internal.pc.CompilerAccess handleError
SEVERE: A severe compiler error occurred, full details of the error can be found in the error report E:\Coding\Projects\StudentRegister\StudentRegisterClient\.metals\.reports\metals-full\2023-10-15\r_compiler-error_15-10-23-110
2023.10.15 15:10:23 WARN  no build target for: E:\Coding\Projects\StudentRegister\StudentRegisterServer\src\main\java\com\heshanthenura\studentregisterserver\MainController.java
Oct 15, 2023 3:10:23 PM scala.meta.internal.pc.CompilerAccess handleError
SEVERE: A severe compiler error occurred, full details of the error can be found in the error report E:\Coding\Projects\StudentRegister\StudentRegisterClient\.metals\.reports\metals-full\2023-10-15\r_compiler-error_15-10-23-848
Oct 15, 2023 3:10:24 PM scala.meta.internal.pc.CompilerAccess handleError
SEVERE: A severe compiler error occurred, full details of the error can be found in the error report E:\Coding\Projects\StudentRegister\StudentRegisterClient\.metals\.reports\metals-full\2023-10-15\r_compiler-error_15-10-23-991
2023.10.15 15:10:25 WARN  no build target for: E:\Coding\Projects\StudentRegister\StudentRegisterServer\src\main\java\com\heshanthenura\studentregisterserver\MainController.java
Oct 15, 2023 3:10:25 PM scala.meta.internal.pc.CompilerAccess handleError
SEVERE: A severe compiler error occurred, full details of the error can be found in the error report E:\Coding\Projects\StudentRegister\StudentRegisterClient\.metals\.reports\metals-full\2023-10-15\r_compiler-error_15-10-25-963
